<?xml version="1.0" encoding="UTF-8"?>
<!-- Generated by org.testng.reporters.JUnitReportReporter -->
<testsuite hostname="LP1-AP-51660102" failures="0" tests="1" name="com.ahyush.testcases.AhyushTest" time="55.946" errors="0" timestamp="30 Mar 2021 12:28:53 GMT">
  <testcase classname="com.ahyush.testcases.AhyushTest" name="AhyushNavigateAllPages" time="55.946"/>
</testsuite> <!-- com.ahyush.testcases.AhyushTest -->
