<?xml version="1.0" encoding="UTF-8"?>
<!-- Generated by org.testng.reporters.JUnitReportReporter -->
<testsuite hostname="LP1-AP-51660102" failures="0" tests="1" name="com.ahyush.testcases.LoginPageTest" time="42.116" errors="0" timestamp="27 Mar 2021 08:53:46 GMT">
  <testcase classname="com.ahyush.testcases.LoginPageTest" name="LoginPageTitleTest" time="42.116"/>
</testsuite> <!-- com.ahyush.testcases.LoginPageTest -->
